-------------------------------------------------------------------------------
Test set: com.pramati.sale.FlashSaleApplicationTests
-------------------------------------------------------------------------------
Tests run: 5, Failures: 1, Errors: 0, Skipped: 0, Time elapsed: 10.123 s <<< FAILURE! - in com.pramati.sale.FlashSaleApplicationTests
getOrderedProducts(com.pramati.sale.FlashSaleApplicationTests)  Time elapsed: 0.02 s  <<< FAILURE!
java.lang.AssertionError: expected:<200> but was:<405>
	at com.pramati.sale.FlashSaleApplicationTests.getOrderedProducts(FlashSaleApplicationTests.java:115)

